build 2/twitter_login/intermediates/manifest_merge_blame_file/debug/manifest-merger-blame-debug-report.txt
1<?xml version="1.0" encoding="utf-8"?>
2<manifest xmlns:android="http://schemas.android.com/apk/res/android"
3    package="com.maru.twitter_login" >
4
5    <uses-sdk
6        android:minSdkVersion="16"
6-->src/main/AndroidManifest.xml
7        android:targetSdkVersion="16" />
7-->src/main/AndroidManifest.xml
8
9    <queries>
9-->src/main/AndroidManifest.xml:10:5-15:15
10        <intent>
10-->src/main/AndroidManifest.xml:11:9-14:18
11            <action android:name="android.support.customtabs.action.CustomTabsService" />
11-->src/main/AndroidManifest.xml:12:13-13:73
11-->src/main/AndroidManifest.xml:12:21-104
12        </intent>
13    </queries>
14
15    <application>
15-->src/main/AndroidManifest.xml:4:5-8:19
16        <activity android:name="com.maru.twitter_login.chrome_custom_tabs.ChromeCustomTabsActivity" />
16-->src/main/AndroidManifest.xml:6:9-7:96
16-->src/main/AndroidManifest.xml:7:13-94
17    </application>
18
19</manifest>